2024-10-01 16:20:42,192 INFO Number of plants on display is 49
2024-10-01 16:20:42,192 INFO Time taken to retrieve plant count: 0.072
2024-10-01 16:20:42,852 INFO Retrieved data for plant 0
2024-10-01 16:20:42,852 WARNING response {'botanist': {'email': 'carl.linnaeus@lnhm.co.uk', 'name': 'Carl Linnaeus', 'phone': '(146)994-1635x35992'}, 'last_watered': 'Tue, 01 Oct 2024 14:03:04 GMT', 'name': 'Epipremnum Aureum', 'origin_location': ['-19.32556', '-41.25528', 'Resplendor', 'BR', 'America/Sao_Paulo'], 'plant_id': 0, 'recording_taken': '2024-10-01 15:20:42', 'soil_moisture': 95.4900273126815, 'temperature': 13.163022870857477} is missing required fields
2024-10-01 16:20:42,852 WARNING Unsuccessful response for plant 0
2024-10-01 16:20:43,753 INFO Retrieved data for plant 12
2024-10-01 16:20:43,799 INFO Retrieved data for plant 3
2024-10-01 16:20:43,830 INFO Retrieved data for plant 1
2024-10-01 16:20:44,171 INFO Retrieved data for plant 4
2024-10-01 16:20:44,637 INFO Retrieved data for plant 6
2024-10-01 16:20:44,638 WARNING Unsuccessful response for plant 7
2024-10-01 16:20:44,645 INFO Retrieved data for plant 8
2024-10-01 16:20:44,734 INFO Retrieved data for plant 2
2024-10-01 16:20:45,490 INFO Retrieved data for plant 15
2024-10-01 16:20:45,878 INFO Retrieved data for plant 10
2024-10-01 16:20:46,062 INFO Retrieved data for plant 13
2024-10-01 16:20:46,555 INFO Retrieved data for plant 20
2024-10-01 16:20:47,196 INFO Retrieved data for plant 21
2024-10-01 16:20:47,482 INFO Retrieved data for plant 5
2024-10-01 16:20:47,583 INFO Retrieved data for plant 9
2024-10-01 16:20:48,929 INFO Retrieved data for plant 18
2024-10-01 16:20:48,930 INFO Retrieved data for plant 33
2024-10-01 16:20:48,984 INFO Retrieved data for plant 17
2024-10-01 16:20:49,639 INFO Retrieved data for plant 24
2024-10-01 16:20:49,731 INFO Retrieved data for plant 14
2024-10-01 16:20:50,175 INFO Retrieved data for plant 36
2024-10-01 16:20:50,780 INFO Retrieved data for plant 34
2024-10-01 16:20:50,781 WARNING Unsuccessful response for plant 43
2024-10-01 16:20:51,042 INFO Retrieved data for plant 16
2024-10-01 16:20:51,377 INFO Retrieved data for plant 31
2024-10-01 16:20:52,118 INFO Retrieved data for plant 42
2024-10-01 16:20:52,810 INFO Retrieved data for plant 40
2024-10-01 16:20:52,938 INFO Retrieved data for plant 22
2024-10-01 16:20:53,443 INFO Retrieved data for plant 38
2024-10-01 16:20:53,523 INFO Retrieved data for plant 45
2024-10-01 16:20:54,467 INFO Retrieved data for plant 19
2024-10-01 16:20:54,669 INFO Retrieved data for plant 47
2024-10-01 16:20:55,491 INFO Retrieved data for plant 46
2024-10-01 16:20:55,512 INFO Retrieved data for plant 28
2024-10-01 16:20:55,642 INFO Retrieved data for plant 32
2024-10-01 16:20:56,412 INFO Retrieved data for plant 39
2024-10-01 16:20:56,413 INFO Retrieved data for plant 37
2024-10-01 16:20:56,472 INFO Retrieved data for plant 35
2024-10-01 16:20:57,335 INFO Retrieved data for plant 29
2024-10-01 16:20:57,454 INFO Retrieved data for plant 44
2024-10-01 16:20:57,513 INFO Retrieved data for plant 26
2024-10-01 16:20:57,949 INFO Retrieved data for plant 23
2024-10-01 16:20:58,456 INFO Retrieved data for plant 27
2024-10-01 16:20:59,178 INFO Retrieved data for plant 48
2024-10-01 16:20:59,485 INFO Retrieved data for plant 25
2024-10-01 16:20:59,849 INFO Retrieved data for plant 30
2024-10-01 16:21:00,598 INFO Retrieved data for plant 11
2024-10-01 16:21:01,059 INFO Retrieved data for plant 41
2024-10-01 16:21:01,065 INFO Retrieved plant data. Time taken: 18.945
2024-10-01 17:14:42,782 INFO Number of plants on display is 49
2024-10-01 17:14:42,783 INFO Time taken to retrieve plant count: 0.078
2024-10-01 17:14:42,989 INFO Retrieved data for plant 0
2024-10-01 17:14:42,990 WARNING response {'botanist': {'email': 'carl.linnaeus@lnhm.co.uk', 'name': 'Carl Linnaeus', 'phone': '(146)994-1635x35992'}, 'last_watered': 'Tue, 01 Oct 2024 14:03:04 GMT', 'name': 'Epipremnum Aureum', 'origin_location': ['-19.32556', '-41.25528', 'Resplendor', 'BR', 'America/Sao_Paulo'], 'plant_id': 0, 'recording_taken': '2024-10-01 16:14:43', 'soil_moisture': 92.35333000096806, 'temperature': 13.154617558613339} is missing required fields
2024-10-01 17:14:42,990 WARNING Unsuccessful response for plant 0
2024-10-01 17:14:43,178 INFO Retrieved data for plant 2
2024-10-01 17:14:43,886 INFO Retrieved data for plant 1
2024-10-01 17:14:44,074 INFO Retrieved data for plant 10
2024-10-01 17:14:45,012 INFO Retrieved data for plant 11
2024-10-01 17:14:45,012 INFO Retrieved data for plant 6
2024-10-01 17:14:45,422 INFO Retrieved data for plant 20
2024-10-01 17:14:45,422 WARNING Unsuccessful response for plant 7
2024-10-01 17:14:46,139 INFO Retrieved data for plant 13
2024-10-01 17:14:46,259 INFO Retrieved data for plant 4
2024-10-01 17:14:46,467 INFO Retrieved data for plant 26
2024-10-01 17:14:46,856 INFO Retrieved data for plant 27
2024-10-01 17:14:46,966 INFO Retrieved data for plant 16
2024-10-01 17:14:47,940 INFO Retrieved data for plant 14
2024-10-01 17:14:48,001 INFO Retrieved data for plant 3
2024-10-01 17:14:48,991 INFO Retrieved data for plant 32
2024-10-01 17:14:49,084 INFO Retrieved data for plant 35
2024-10-01 17:14:49,741 INFO Retrieved data for plant 8
2024-10-01 17:14:50,235 INFO Retrieved data for plant 5
2024-10-01 17:14:50,455 INFO Retrieved data for plant 15
2024-10-01 17:14:50,548 INFO Retrieved data for plant 12
2024-10-01 17:14:51,334 INFO Retrieved data for plant 17
2024-10-01 17:14:51,338 INFO Retrieved data for plant 19
2024-10-01 17:14:52,291 INFO Retrieved data for plant 24
2024-10-01 17:14:52,338 INFO Retrieved data for plant 9
2024-10-01 17:14:53,058 INFO Retrieved data for plant 30
2024-10-01 17:14:53,331 INFO Retrieved data for plant 18
2024-10-01 17:14:53,505 INFO Retrieved data for plant 29
2024-10-01 17:14:54,200 INFO Retrieved data for plant 38
2024-10-01 17:14:54,340 INFO Retrieved data for plant 34
2024-10-01 17:14:55,236 INFO Retrieved data for plant 23
2024-10-01 17:14:55,295 INFO Retrieved data for plant 36
2024-10-01 17:14:56,144 INFO Retrieved data for plant 28
2024-10-01 17:14:56,485 INFO Retrieved data for plant 44
2024-10-01 17:14:56,789 WARNING Unsuccessful response for plant 43
2024-10-01 17:14:56,789 INFO Retrieved data for plant 33
2024-10-01 17:14:56,878 INFO Retrieved data for plant 37
2024-10-01 17:14:57,280 INFO Retrieved data for plant 39
2024-10-01 17:14:57,914 INFO Retrieved data for plant 22
2024-10-01 17:14:58,403 INFO Retrieved data for plant 21
2024-10-01 17:14:59,081 INFO Retrieved data for plant 25
2024-10-01 17:14:59,233 INFO Retrieved data for plant 47
2024-10-01 17:14:59,463 INFO Retrieved data for plant 46
2024-10-01 17:14:59,644 INFO Retrieved data for plant 48
2024-10-01 17:14:59,650 INFO Retrieved data for plant 40
2024-10-01 17:14:59,905 INFO Retrieved data for plant 41
2024-10-01 17:15:00,724 INFO Retrieved data for plant 42
2024-10-01 17:15:00,905 INFO Retrieved data for plant 31
2024-10-01 17:15:02,118 INFO Retrieved data for plant 45
2024-10-01 17:15:02,123 INFO Retrieved plant data. Time taken: 19.418
2024-10-01 17:16:54,869 INFO Number of plants on display is 49
2024-10-01 17:16:54,869 INFO Time taken to retrieve plant count: 0.061
2024-10-01 17:16:54,919 WARNING Unsuccessful response for plant 7
2024-10-01 17:16:55,033 INFO Retrieved data for plant 2
2024-10-01 17:16:55,997 WARNING Unsuccessful response for plant 10
2024-10-01 17:16:55,997 INFO Retrieved data for plant 0
2024-10-01 17:16:55,998 WARNING response {'botanist': {'email': 'carl.linnaeus@lnhm.co.uk', 'name': 'Carl Linnaeus', 'phone': '(146)994-1635x35992'}, 'last_watered': 'Tue, 01 Oct 2024 14:03:04 GMT', 'name': 'Epipremnum Aureum', 'origin_location': ['-19.32556', '-41.25528', 'Resplendor', 'BR', 'America/Sao_Paulo'], 'plant_id': 0, 'recording_taken': '2024-10-01 16:16:55', 'soil_moisture': 92.22469422846079, 'temperature': 13.15822630354089} is missing required fields
2024-10-01 17:16:55,998 WARNING Unsuccessful response for plant 0
2024-10-01 17:16:56,487 INFO Retrieved data for plant 9
2024-10-01 17:16:57,009 INFO Retrieved data for plant 4
2024-10-01 17:16:57,407 INFO Retrieved data for plant 1
2024-10-01 17:16:57,838 INFO Retrieved data for plant 3
2024-10-01 17:16:58,469 INFO Retrieved data for plant 5
2024-10-01 17:16:58,746 INFO Retrieved data for plant 6
2024-10-01 17:16:59,261 INFO Retrieved data for plant 14
2024-10-01 17:16:59,842 INFO Retrieved data for plant 15
2024-10-01 17:17:00,635 INFO Retrieved data for plant 8
2024-10-01 17:17:00,754 INFO Retrieved data for plant 11
2024-10-01 17:17:01,207 INFO Retrieved data for plant 19
2024-10-01 17:17:02,030 INFO Retrieved data for plant 12
2024-10-01 17:17:02,061 INFO Retrieved data for plant 28
2024-10-01 17:17:02,604 INFO Retrieved data for plant 25
2024-10-01 17:17:02,682 INFO Retrieved data for plant 20
2024-10-01 17:17:04,058 INFO Retrieved data for plant 18
2024-10-01 17:17:04,074 INFO Retrieved data for plant 23
2024-10-01 17:17:04,484 INFO Retrieved data for plant 13
2024-10-01 17:17:05,303 INFO Retrieved data for plant 31
2024-10-01 17:17:05,304 INFO Retrieved data for plant 27
2024-10-01 17:17:05,313 INFO Retrieved data for plant 16
2024-10-01 17:17:06,122 INFO Retrieved data for plant 22
2024-10-01 17:17:06,737 INFO Retrieved data for plant 30
2024-10-01 17:17:07,453 INFO Retrieved data for plant 24
2024-10-01 17:17:07,863 INFO Retrieved data for plant 44
2024-10-01 17:17:08,383 INFO Retrieved data for plant 17
2024-10-01 17:17:08,411 INFO Retrieved data for plant 42
2024-10-01 17:17:08,683 INFO Retrieved data for plant 40
2024-10-01 17:17:09,095 INFO Retrieved data for plant 26
2024-10-01 17:17:09,218 INFO Retrieved data for plant 34
2024-10-01 17:17:09,649 INFO Retrieved data for plant 37
2024-10-01 17:17:10,015 INFO Retrieved data for plant 48
2024-10-01 17:17:10,015 INFO Retrieved data for plant 35
2024-10-01 17:17:10,396 INFO Retrieved data for plant 38
2024-10-01 17:17:10,506 WARNING Unsuccessful response for plant 43
2024-10-01 17:17:10,508 INFO Retrieved data for plant 21
2024-10-01 17:17:11,646 INFO Retrieved data for plant 29
2024-10-01 17:17:11,749 INFO Retrieved data for plant 32
2024-10-01 17:17:12,217 INFO Retrieved data for plant 45
2024-10-01 17:17:12,249 INFO Retrieved data for plant 47
2024-10-01 17:17:13,260 INFO Retrieved data for plant 36
2024-10-01 17:17:13,332 INFO Retrieved data for plant 46
2024-10-01 17:17:13,641 INFO Retrieved data for plant 41
2024-10-01 17:17:14,417 INFO Retrieved data for plant 33
2024-10-01 17:17:15,090 INFO Retrieved data for plant 39
2024-10-01 17:17:15,093 INFO Retrieved plant data. Time taken: 20.285
2024-10-01 17:18:26,058 INFO Number of plants on display is 49
2024-10-01 17:18:26,058 INFO Time taken to retrieve plant count: 0.068
2024-10-01 17:18:26,115 WARNING Unsuccessful response for plant 7
2024-10-01 17:18:26,115 WARNING Unsuccessful response for plant 9
2024-10-01 17:18:27,636 INFO Retrieved data for plant 4
2024-10-01 17:18:27,636 INFO Retrieved data for plant 8
2024-10-01 17:18:28,761 INFO Retrieved data for plant 2
2024-10-01 17:18:28,812 INFO Retrieved data for plant 6
2024-10-01 17:18:29,426 INFO Retrieved data for plant 15
2024-10-01 17:18:29,573 INFO Retrieved data for plant 10
2024-10-01 17:18:30,070 INFO Retrieved data for plant 13
2024-10-01 17:18:30,070 INFO Retrieved data for plant 12
2024-10-01 17:18:30,688 INFO Retrieved data for plant 22
2024-10-01 17:18:31,256 INFO Retrieved data for plant 1
2024-10-01 17:18:31,698 INFO Retrieved data for plant 11
2024-10-01 17:18:31,903 INFO Retrieved data for plant 3
2024-10-01 17:18:33,063 INFO Retrieved data for plant 19
2024-10-01 17:18:33,064 INFO Retrieved data for plant 23
2024-10-01 17:18:33,071 INFO Retrieved data for plant 21
2024-10-01 17:18:33,983 INFO Retrieved data for plant 16
2024-10-01 17:18:34,399 INFO Retrieved data for plant 14
2024-10-01 17:18:34,700 INFO Retrieved data for plant 5
2024-10-01 17:18:35,118 INFO Retrieved data for plant 31
2024-10-01 17:18:35,724 INFO Retrieved data for plant 25
2024-10-01 17:18:35,892 INFO Retrieved data for plant 0
2024-10-01 17:18:35,892 WARNING response {'botanist': {'email': 'carl.linnaeus@lnhm.co.uk', 'name': 'Carl Linnaeus', 'phone': '(146)994-1635x35992'}, 'last_watered': 'Tue, 01 Oct 2024 14:03:04 GMT', 'name': 'Epipremnum Aureum', 'origin_location': ['-19.32556', '-41.25528', 'Resplendor', 'BR', 'America/Sao_Paulo'], 'plant_id': 0, 'recording_taken': '2024-10-01 16:18:35', 'soil_moisture': 92.1278690803485, 'temperature': 13.161063058804196} is missing required fields
2024-10-01 17:18:35,892 WARNING Unsuccessful response for plant 0
2024-10-01 17:18:36,543 INFO Retrieved data for plant 33
2024-10-01 17:18:36,717 INFO Retrieved data for plant 32
2024-10-01 17:18:36,952 INFO Retrieved data for plant 17
2024-10-01 17:18:37,607 INFO Retrieved data for plant 35
2024-10-01 17:18:37,874 INFO Retrieved data for plant 37
2024-10-01 17:18:38,476 INFO Retrieved data for plant 30
2024-10-01 17:18:38,492 INFO Retrieved data for plant 27
2024-10-01 17:18:38,594 WARNING Unsuccessful response for plant 43
2024-10-01 17:18:38,594 INFO Retrieved data for plant 18
2024-10-01 17:18:39,359 INFO Retrieved data for plant 24
2024-10-01 17:18:39,602 INFO Retrieved data for plant 29
2024-10-01 17:18:40,741 INFO Retrieved data for plant 41
2024-10-01 17:18:40,869 INFO Retrieved data for plant 20
2024-10-01 17:18:40,984 INFO Retrieved data for plant 40
2024-10-01 17:18:41,977 INFO Retrieved data for plant 38
2024-10-01 17:18:42,073 INFO Retrieved data for plant 46
2024-10-01 17:18:42,380 INFO Retrieved data for plant 34
2024-10-01 17:18:42,381 INFO Retrieved data for plant 44
2024-10-01 17:18:43,510 INFO Retrieved data for plant 26
2024-10-01 17:18:43,520 INFO Retrieved data for plant 48
2024-10-01 17:18:44,018 INFO Retrieved data for plant 42
2024-10-01 17:18:44,428 INFO Retrieved data for plant 47
2024-10-01 17:18:45,250 INFO Retrieved data for plant 39
2024-10-01 17:18:45,623 INFO Retrieved data for plant 45
2024-10-01 17:18:45,913 INFO Retrieved data for plant 36
2024-10-01 17:18:46,478 INFO Retrieved data for plant 28
2024-10-01 17:18:46,490 INFO Retrieved plant data. Time taken: 20.499
