2024-10-02 13:05:20,593 INFO Connection established to RDS
2024-10-02 13:14:18,350 INFO Connection established to RDS
2024-10-02 13:15:13,036 INFO Connection established to RDS
2024-10-02 13:15:25,491 INFO Connection established to RDS
2024-10-02 13:15:25,512 INFO Plant 1 has last_watering (datetime.datetime(2024, 10, 1, 13, 54, 32),)
2024-10-02 13:17:48,481 INFO Connection established to RDS
2024-10-02 13:17:48,504 INFO Plant 1 has last_watering (datetime.datetime(2024, 10, 1, 13, 54, 32),)
2024-10-02 13:17:48,513 INFO Plant 1 has last_watering (datetime.datetime(2024, 10, 1, 13, 54, 32),)
2024-10-02 13:17:48,523 INFO Plant 1 has last_watering (datetime.datetime(2024, 10, 1, 13, 54, 32),)
2024-10-02 13:17:48,532 INFO Plant 1 has last_watering (datetime.datetime(2024, 10, 1, 13, 54, 32),)
2024-10-02 13:17:48,541 INFO Plant 1 has last_watering (datetime.datetime(2024, 10, 1, 13, 54, 32),)
2024-10-02 13:17:48,550 INFO Plant 1 has last_watering (datetime.datetime(2024, 10, 1, 13, 54, 32),)
2024-10-02 13:17:48,559 INFO Plant 1 has last_watering (datetime.datetime(2024, 10, 1, 13, 54, 32),)
2024-10-02 13:17:48,567 INFO Plant 1 has last_watering (datetime.datetime(2024, 10, 1, 13, 54, 32),)
2024-10-02 13:17:48,576 INFO Plant 1 has last_watering (datetime.datetime(2024, 10, 1, 13, 54, 32),)
2024-10-02 13:17:48,584 INFO Plant 1 has last_watering (datetime.datetime(2024, 10, 1, 13, 54, 32),)
2024-10-02 13:17:48,593 INFO Plant 1 has last_watering (datetime.datetime(2024, 10, 1, 13, 54, 32),)
2024-10-02 13:17:48,604 INFO Plant 1 has last_watering (datetime.datetime(2024, 10, 1, 13, 54, 32),)
2024-10-02 13:17:48,613 INFO Plant 1 has last_watering (datetime.datetime(2024, 10, 1, 13, 54, 32),)
2024-10-02 13:17:48,622 INFO Plant 1 has last_watering (datetime.datetime(2024, 10, 1, 13, 54, 32),)
2024-10-02 13:17:48,631 INFO Plant 1 has last_watering (datetime.datetime(2024, 10, 1, 13, 54, 32),)
2024-10-02 13:17:48,639 INFO Plant 1 has last_watering (datetime.datetime(2024, 10, 1, 13, 54, 32),)
2024-10-02 13:17:48,648 INFO Plant 1 has last_watering (datetime.datetime(2024, 10, 1, 13, 54, 32),)
2024-10-02 13:17:48,656 INFO Plant 1 has last_watering (datetime.datetime(2024, 10, 1, 13, 54, 32),)
2024-10-02 13:17:48,665 INFO Plant 1 has last_watering (datetime.datetime(2024, 10, 1, 13, 54, 32),)
2024-10-02 13:17:48,673 INFO Plant 1 has last_watering (datetime.datetime(2024, 10, 1, 13, 54, 32),)
2024-10-02 13:17:48,684 INFO Plant 1 has last_watering (datetime.datetime(2024, 10, 1, 13, 54, 32),)
2024-10-02 13:17:48,693 INFO Plant 1 has last_watering (datetime.datetime(2024, 10, 1, 13, 54, 32),)
2024-10-02 13:17:48,705 INFO Plant 1 has last_watering (datetime.datetime(2024, 10, 1, 13, 54, 32),)
2024-10-02 13:17:48,714 INFO Plant 1 has last_watering (datetime.datetime(2024, 10, 1, 13, 54, 32),)
2024-10-02 13:17:48,723 INFO Plant 1 has last_watering (datetime.datetime(2024, 10, 1, 13, 54, 32),)
2024-10-02 13:17:48,731 INFO Plant 1 has last_watering (datetime.datetime(2024, 10, 1, 13, 54, 32),)
2024-10-02 13:17:48,739 INFO Plant 1 has last_watering (datetime.datetime(2024, 10, 1, 13, 54, 32),)
2024-10-02 13:17:48,748 INFO Plant 1 has last_watering (datetime.datetime(2024, 10, 1, 13, 54, 32),)
2024-10-02 13:17:48,756 INFO Plant 1 has last_watering (datetime.datetime(2024, 10, 1, 13, 54, 32),)
2024-10-02 13:17:48,764 INFO Plant 1 has last_watering (datetime.datetime(2024, 10, 1, 13, 54, 32),)
2024-10-02 13:17:48,772 INFO Plant 1 has last_watering (datetime.datetime(2024, 10, 1, 13, 54, 32),)
2024-10-02 13:17:48,781 INFO Plant 1 has last_watering (datetime.datetime(2024, 10, 1, 13, 54, 32),)
2024-10-02 13:17:48,791 INFO Plant 1 has last_watering (datetime.datetime(2024, 10, 1, 13, 54, 32),)
2024-10-02 13:17:48,806 INFO Plant 1 has last_watering (datetime.datetime(2024, 10, 1, 13, 54, 32),)
2024-10-02 13:17:48,816 INFO Plant 1 has last_watering (datetime.datetime(2024, 10, 1, 13, 54, 32),)
2024-10-02 13:17:48,824 INFO Plant 1 has last_watering (datetime.datetime(2024, 10, 1, 13, 54, 32),)
2024-10-02 13:17:48,833 INFO Plant 1 has last_watering (datetime.datetime(2024, 10, 1, 13, 54, 32),)
2024-10-02 13:17:48,841 INFO Plant 1 has last_watering (datetime.datetime(2024, 10, 1, 13, 54, 32),)
2024-10-02 13:17:48,850 INFO Plant 1 has last_watering (datetime.datetime(2024, 10, 1, 13, 54, 32),)
2024-10-02 13:17:48,858 INFO Plant 1 has last_watering (datetime.datetime(2024, 10, 1, 13, 54, 32),)
2024-10-02 13:17:48,866 INFO Plant 1 has last_watering (datetime.datetime(2024, 10, 1, 13, 54, 32),)
2024-10-02 13:17:48,875 INFO Plant 1 has last_watering (datetime.datetime(2024, 10, 1, 13, 54, 32),)
2024-10-02 13:17:48,883 INFO Plant 1 has last_watering (datetime.datetime(2024, 10, 1, 13, 54, 32),)
2024-10-02 13:17:48,892 INFO Plant 1 has last_watering (datetime.datetime(2024, 10, 1, 13, 54, 32),)
2024-10-02 13:17:48,905 INFO Plant 1 has last_watering (datetime.datetime(2024, 10, 1, 13, 54, 32),)
2024-10-02 13:17:48,915 INFO Plant 1 has last_watering (datetime.datetime(2024, 10, 1, 13, 54, 32),)
2024-10-02 13:17:48,927 INFO Plant 1 has last_watering (datetime.datetime(2024, 10, 1, 13, 54, 32),)
2024-10-02 13:17:48,943 INFO Plant 1 has last_watering (datetime.datetime(2024, 10, 1, 13, 54, 32),)
2024-10-02 13:17:48,958 INFO Plant 1 has last_watering (datetime.datetime(2024, 10, 1, 13, 54, 32),)
2024-10-02 13:17:48,970 INFO Plant 1 has last_watering (datetime.datetime(2024, 10, 1, 13, 54, 32),)
2024-10-02 13:18:04,168 INFO Connection established to RDS
2024-10-02 13:18:04,193 INFO Plant 0 has last_watering (datetime.datetime(2024, 10, 1, 14, 3, 4),)
2024-10-02 13:18:04,205 INFO Plant 1 has last_watering (datetime.datetime(2024, 10, 1, 13, 54, 32),)
2024-10-02 13:18:04,216 INFO Plant 2 has last_watering (datetime.datetime(2024, 10, 1, 14, 10, 54),)
2024-10-02 13:18:04,226 INFO Plant 3 has last_watering (datetime.datetime(2024, 10, 1, 14, 50, 16),)
2024-10-02 13:18:04,237 INFO Plant 4 has last_watering (datetime.datetime(2024, 10, 1, 13, 16, 25),)
2024-10-02 13:18:04,251 INFO Plant 5 has last_watering (datetime.datetime(2024, 10, 1, 14, 56, 18),)
2024-10-02 13:18:04,262 INFO Plant 6 has last_watering (datetime.datetime(2024, 10, 1, 13, 35, 35),)
2024-10-02 13:18:04,273 INFO Plant 7 has last_watering None
2024-10-02 13:18:04,294 INFO Plant 8 has last_watering (datetime.datetime(2024, 10, 1, 13, 23, 1),)
2024-10-02 13:18:04,303 INFO Plant 9 has last_watering (datetime.datetime(2024, 10, 1, 14, 12, 43),)
2024-10-02 13:18:04,313 INFO Plant 10 has last_watering None
2024-10-02 13:18:04,323 INFO Plant 11 has last_watering (datetime.datetime(2024, 10, 1, 13, 37, 24),)
2024-10-02 13:18:04,334 INFO Plant 12 has last_watering (datetime.datetime(2024, 10, 1, 13, 13, 51),)
2024-10-02 13:18:04,352 INFO Plant 13 has last_watering None
2024-10-02 13:18:04,361 INFO Plant 14 has last_watering (datetime.datetime(2024, 10, 1, 14, 17, 54),)
2024-10-02 13:18:04,369 INFO Plant 15 has last_watering None
2024-10-02 13:18:04,378 INFO Plant 16 has last_watering (datetime.datetime(2024, 10, 1, 13, 50, 40),)
2024-10-02 13:18:04,389 INFO Plant 17 has last_watering (datetime.datetime(2024, 10, 1, 14, 2, 40),)
2024-10-02 13:18:04,397 INFO Plant 18 has last_watering None
2024-10-02 13:18:04,406 INFO Plant 19 has last_watering (datetime.datetime(2024, 10, 1, 13, 24, 30),)
2024-10-02 13:18:04,430 INFO Plant 20 has last_watering (datetime.datetime(2024, 10, 1, 14, 49, 34),)
2024-10-02 13:18:04,461 INFO Plant 21 has last_watering (datetime.datetime(2024, 10, 1, 14, 23, 59),)
2024-10-02 13:18:04,494 INFO Plant 22 has last_watering (datetime.datetime(2024, 10, 1, 13, 3, 26),)
2024-10-02 13:18:04,506 INFO Plant 23 has last_watering None
2024-10-02 13:18:04,517 INFO Plant 24 has last_watering None
2024-10-02 13:18:04,527 INFO Plant 25 has last_watering (datetime.datetime(2024, 10, 1, 13, 58, 41),)
2024-10-02 13:18:04,538 INFO Plant 26 has last_watering (datetime.datetime(2024, 10, 1, 14, 23, 18),)
2024-10-02 13:18:04,554 INFO Plant 27 has last_watering None
2024-10-02 13:18:04,563 INFO Plant 28 has last_watering (datetime.datetime(2024, 10, 1, 14, 37, 2),)
2024-10-02 13:18:04,572 INFO Plant 29 has last_watering (datetime.datetime(2024, 10, 1, 13, 11, 24),)
2024-10-02 13:18:04,581 INFO Plant 30 has last_watering (datetime.datetime(2024, 10, 1, 13, 55, 19),)
2024-10-02 13:18:04,589 INFO Plant 31 has last_watering (datetime.datetime(2024, 10, 1, 13, 5, 43),)
2024-10-02 13:18:04,598 INFO Plant 32 has last_watering (datetime.datetime(2024, 10, 1, 14, 29, 54),)
2024-10-02 13:18:04,606 INFO Plant 33 has last_watering (datetime.datetime(2024, 10, 1, 14, 5, 58),)
2024-10-02 13:18:04,616 INFO Plant 34 has last_watering (datetime.datetime(2024, 10, 1, 13, 44, 15),)
2024-10-02 13:18:04,626 INFO Plant 35 has last_watering (datetime.datetime(2024, 10, 1, 13, 32, 46),)
2024-10-02 13:18:04,636 INFO Plant 36 has last_watering (datetime.datetime(2024, 10, 1, 14, 9, 55),)
2024-10-02 13:18:04,651 INFO Plant 37 has last_watering None
2024-10-02 13:18:04,663 INFO Plant 38 has last_watering (datetime.datetime(2024, 10, 1, 13, 46, 6),)
2024-10-02 13:18:04,674 INFO Plant 39 has last_watering (datetime.datetime(2024, 10, 1, 14, 18, 23),)
2024-10-02 13:18:04,686 INFO Plant 40 has last_watering None
2024-10-02 13:18:04,701 INFO Plant 41 has last_watering (datetime.datetime(2024, 10, 1, 13, 45, 13),)
2024-10-02 13:18:04,713 INFO Plant 42 has last_watering (datetime.datetime(2024, 10, 1, 14, 49, 43),)
2024-10-02 13:18:04,725 INFO Plant 43 has last_watering None
2024-10-02 13:18:04,736 INFO Plant 44 has last_watering (datetime.datetime(2024, 10, 1, 13, 32, 40),)
2024-10-02 13:18:04,754 INFO Plant 45 has last_watering (datetime.datetime(2024, 10, 1, 14, 4, 23),)
2024-10-02 13:18:04,764 INFO Plant 46 has last_watering (datetime.datetime(2024, 10, 1, 14, 12, 39),)
2024-10-02 13:18:04,775 INFO Plant 47 has last_watering (datetime.datetime(2024, 10, 1, 13, 30, 18),)
2024-10-02 13:18:04,791 INFO Plant 48 has last_watering (datetime.datetime(2024, 10, 1, 14, 31, 9),)
2024-10-02 13:18:04,801 INFO Plant 49 has last_watering (datetime.datetime(2024, 10, 1, 14, 2, 15),)
2024-10-02 13:26:18,794 INFO Connection established to RDS
2024-10-02 13:26:27,353 INFO Connection established to RDS
2024-10-02 13:26:27,372 INFO Plant 0 has current state (1, datetime.datetime(2024, 10, 1, 14, 3, 4), 1)
2024-10-02 13:26:27,389 INFO Plant 1 has current state (2, datetime.datetime(2024, 10, 1, 13, 54, 32), 2)
2024-10-02 13:26:27,399 INFO Plant 2 has current state (3, datetime.datetime(2024, 10, 1, 14, 10, 54), 3)
2024-10-02 13:26:27,407 INFO Plant 3 has current state (1, datetime.datetime(2024, 10, 1, 14, 50, 16), 4)
2024-10-02 13:26:27,416 INFO Plant 4 has current state (4, datetime.datetime(2024, 10, 1, 13, 16, 25), 5)
2024-10-02 13:26:27,425 INFO Plant 5 has current state (5, datetime.datetime(2024, 10, 1, 14, 56, 18), 6)
2024-10-02 13:26:27,435 INFO Plant 6 has current state (6, datetime.datetime(2024, 10, 1, 13, 35, 35), 7)
2024-10-02 13:26:27,449 INFO Plant 7 has current state None
2024-10-02 13:26:27,458 INFO Plant 8 has current state (7, datetime.datetime(2024, 10, 1, 13, 23, 1), 8)
2024-10-02 13:26:27,468 INFO Plant 9 has current state (8, datetime.datetime(2024, 10, 1, 14, 12, 43), 9)
2024-10-02 13:26:27,479 INFO Plant 10 has current state None
2024-10-02 13:26:27,503 INFO Plant 11 has current state (10, datetime.datetime(2024, 10, 1, 13, 37, 24), 11)
2024-10-02 13:26:27,512 INFO Plant 12 has current state (11, datetime.datetime(2024, 10, 1, 13, 13, 51), 12)
2024-10-02 13:26:27,520 INFO Plant 13 has current state None
2024-10-02 13:26:27,528 INFO Plant 14 has current state (13, datetime.datetime(2024, 10, 1, 14, 17, 54), 14)
2024-10-02 13:26:27,549 INFO Plant 15 has current state None
2024-10-02 13:26:27,558 INFO Plant 16 has current state (15, datetime.datetime(2024, 10, 1, 13, 50, 40), 16)
2024-10-02 13:26:27,566 INFO Plant 17 has current state (16, datetime.datetime(2024, 10, 1, 14, 2, 40), 17)
2024-10-02 13:26:27,574 INFO Plant 18 has current state None
2024-10-02 13:26:27,592 INFO Plant 19 has current state (18, datetime.datetime(2024, 10, 1, 13, 24, 30), 19)
2024-10-02 13:26:27,611 INFO Plant 20 has current state (19, datetime.datetime(2024, 10, 1, 14, 49, 34), 20)
2024-10-02 13:26:27,619 INFO Plant 21 has current state (20, datetime.datetime(2024, 10, 1, 14, 23, 59), 21)
2024-10-02 13:26:27,627 INFO Plant 22 has current state (21, datetime.datetime(2024, 10, 1, 13, 3, 26), 8)
2024-10-02 13:26:27,635 INFO Plant 23 has current state None
2024-10-02 13:26:27,644 INFO Plant 24 has current state None
2024-10-02 13:26:27,653 INFO Plant 25 has current state (23, datetime.datetime(2024, 10, 1, 13, 58, 41), 23)
2024-10-02 13:26:27,662 INFO Plant 26 has current state (24, datetime.datetime(2024, 10, 1, 14, 23, 18), 24)
2024-10-02 13:26:27,672 INFO Plant 27 has current state None
2024-10-02 13:26:27,690 INFO Plant 28 has current state (26, datetime.datetime(2024, 10, 1, 14, 37, 2), 26)
2024-10-02 13:26:27,700 INFO Plant 29 has current state (27, datetime.datetime(2024, 10, 1, 13, 11, 24), 27)
2024-10-02 13:26:27,709 INFO Plant 30 has current state (28, datetime.datetime(2024, 10, 1, 13, 55, 19), 28)
2024-10-02 13:26:27,719 INFO Plant 31 has current state (29, datetime.datetime(2024, 10, 1, 13, 5, 43), 29)
2024-10-02 13:26:27,729 INFO Plant 32 has current state (30, datetime.datetime(2024, 10, 1, 14, 29, 54), 30)
2024-10-02 13:26:27,738 INFO Plant 33 has current state (31, datetime.datetime(2024, 10, 1, 14, 5, 58), 31)
2024-10-02 13:26:27,749 INFO Plant 34 has current state (19, datetime.datetime(2024, 10, 1, 13, 44, 15), 32)
2024-10-02 13:26:27,759 INFO Plant 35 has current state (32, datetime.datetime(2024, 10, 1, 13, 32, 46), 33)
2024-10-02 13:26:27,769 INFO Plant 36 has current state (33, datetime.datetime(2024, 10, 1, 14, 9, 55), 34)
2024-10-02 13:26:27,780 INFO Plant 37 has current state None
2024-10-02 13:26:27,807 INFO Plant 38 has current state (35, datetime.datetime(2024, 10, 1, 13, 46, 6), 36)
2024-10-02 13:26:27,816 INFO Plant 39 has current state (36, datetime.datetime(2024, 10, 1, 14, 18, 23), 37)
2024-10-02 13:26:27,823 INFO Plant 40 has current state None
2024-10-02 13:26:27,832 INFO Plant 41 has current state (37, datetime.datetime(2024, 10, 1, 13, 45, 13), 38)
2024-10-02 13:26:27,840 INFO Plant 42 has current state (38, datetime.datetime(2024, 10, 1, 14, 49, 43), 39)
2024-10-02 13:26:27,849 INFO Plant 43 has current state None
2024-10-02 13:26:27,858 INFO Plant 44 has current state (39, datetime.datetime(2024, 10, 1, 13, 32, 40), 40)
2024-10-02 13:26:27,869 INFO Plant 45 has current state (2, datetime.datetime(2024, 10, 1, 14, 4, 23), 41)
2024-10-02 13:26:27,877 INFO Plant 46 has current state (40, datetime.datetime(2024, 10, 1, 14, 12, 39), 42)
2024-10-02 13:26:27,892 INFO Plant 47 has current state (41, datetime.datetime(2024, 10, 1, 13, 30, 18), 43)
2024-10-02 13:26:27,900 INFO Plant 48 has current state (42, datetime.datetime(2024, 10, 1, 14, 31, 9), 44)
2024-10-02 13:26:27,910 INFO Plant 49 has current state (43, datetime.datetime(2024, 10, 1, 14, 2, 15), 45)
